2026-01-06 21:20:00 [ERROR] config\CSC\config.toml (The system cannot find the file specified)
2026-01-06 21:20:01 [INFO] CSC is loading...   Success?
2026-01-06 21:20:02 [INFO]   Detected cloud rule update, preparing to download~
2026-01-06 21:20:02 [INFO]   Update completed~
2026-01-06 21:20:58 [INFO]    _____  _____  _____ 
2026-01-06 21:20:58 [INFO]   / ____|/ ____|/ ____|
2026-01-06 21:20:58 [INFO]  | |    | (___ | |        [CSC] Version: v0.21
2026-01-06 21:20:58 [INFO]  | |     \___ \| |        Minecraft Version: 1.20.1 forge
2026-01-06 21:20:58 [INFO]  | |____ ____) | |____    Problem/Feedback: Tencent QQ?1061133894
2026-01-06 21:20:58 [INFO]   \_____|_____/ \_____|
2026-01-06 21:20:58 [INFO]                        
2026-01-06 21:24:21 [INFO] CSC close completely, thanks for using!
2026-01-06 21:24:34 [INFO]    _____  _____  _____ 
2026-01-06 21:24:34 [INFO]   / ____|/ ____|/ ____|
2026-01-06 21:24:34 [INFO]  | |    | (___ | |        [CSC] Version: v0.21
2026-01-06 21:24:34 [INFO]  | |     \___ \| |        Minecraft Version: 1.20.1 forge
2026-01-06 21:24:34 [INFO]  | |____ ____) | |____    Problem/Feedback: Tencent QQ?1061133894
2026-01-06 21:24:34 [INFO]   \_____|_____/ \_____|
2026-01-06 21:24:34 [INFO]                        
2026-01-06 21:24:54 [INFO] CSC close completely, thanks for using!
2026-01-06 21:25:02 [INFO]    _____  _____  _____ 
2026-01-06 21:25:02 [INFO]   / ____|/ ____|/ ____|
2026-01-06 21:25:02 [INFO]  | |    | (___ | |        [CSC] Version: v0.21
2026-01-06 21:25:02 [INFO]  | |     \___ \| |        Minecraft Version: 1.20.1 forge
2026-01-06 21:25:02 [INFO]  | |____ ____) | |____    Problem/Feedback: Tencent QQ?1061133894
2026-01-06 21:25:02 [INFO]   \_____|_____/ \_____|
2026-01-06 21:25:02 [INFO]                        
2026-01-06 21:25:42 [INFO] CSC close completely, thanks for using!
2026-01-06 21:25:53 [INFO]    _____  _____  _____ 
2026-01-06 21:25:53 [INFO]   / ____|/ ____|/ ____|
2026-01-06 21:25:53 [INFO]  | |    | (___ | |        [CSC] Version: v0.21
2026-01-06 21:25:53 [INFO]  | |     \___ \| |        Minecraft Version: 1.20.1 forge
2026-01-06 21:25:53 [INFO]  | |____ ____) | |____    Problem/Feedback: Tencent QQ?1061133894
2026-01-06 21:25:53 [INFO]   \_____|_____/ \_____|
2026-01-06 21:25:53 [INFO]                        
2026-01-06 21:27:04 [INFO] CSC close completely, thanks for using!
2026-01-06 21:27:20 [INFO]    _____  _____  _____ 
2026-01-06 21:27:20 [INFO]   / ____|/ ____|/ ____|
2026-01-06 21:27:20 [INFO]  | |    | (___ | |        [CSC] Version: v0.21
2026-01-06 21:27:20 [INFO]  | |     \___ \| |        Minecraft Version: 1.20.1 forge
2026-01-06 21:27:20 [INFO]  | |____ ____) | |____    Problem/Feedback: Tencent QQ?1061133894
2026-01-06 21:27:20 [INFO]   \_____|_____/ \_____|
2026-01-06 21:27:20 [INFO]                        
2026-01-06 21:57:08 [INFO] CSC close completely, thanks for using!
2026-01-06 21:57:20 [INFO]    _____  _____  _____ 
2026-01-06 21:57:20 [INFO]   / ____|/ ____|/ ____|
2026-01-06 21:57:20 [INFO]  | |    | (___ | |        [CSC] Version: v0.21
2026-01-06 21:57:20 [INFO]  | |     \___ \| |        Minecraft Version: 1.20.1 forge
2026-01-06 21:57:20 [INFO]  | |____ ____) | |____    Problem/Feedback: Tencent QQ?1061133894
2026-01-06 21:57:20 [INFO]   \_____|_____/ \_____|
2026-01-06 21:57:20 [INFO]                        
2026-01-06 22:06:01 [INFO] CSC close completely, thanks for using!
2026-01-07 09:18:39 [INFO] CSC is loading...   Success?
2026-01-07 11:59:00 [INFO]    _____  _____  _____ 
2026-01-07 11:59:00 [INFO]   / ____|/ ____|/ ____|
2026-01-07 11:59:00 [INFO]  | |    | (___ | |        [CSC] Version: v0.21
2026-01-07 11:59:00 [INFO]  | |     \___ \| |        Minecraft Version: 1.20.1 forge
2026-01-07 11:59:00 [INFO]  | |____ ____) | |____    Problem/Feedback: Tencent QQ?1061133894
2026-01-07 11:59:00 [INFO]   \_____|_____/ \_____|
2026-01-07 11:59:00 [INFO]                        
2026-01-07 14:44:24 [INFO] CSC close completely, thanks for using!
2026-01-07 14:44:38 [INFO]    _____  _____  _____ 
2026-01-07 14:44:38 [INFO]   / ____|/ ____|/ ____|
2026-01-07 14:44:38 [INFO]  | |    | (___ | |        [CSC] Version: v0.21
2026-01-07 14:44:38 [INFO]  | |     \___ \| |        Minecraft Version: 1.20.1 forge
2026-01-07 14:44:38 [INFO]  | |____ ____) | |____    Problem/Feedback: Tencent QQ?1061133894
2026-01-07 14:44:38 [INFO]   \_____|_____/ \_____|
2026-01-07 14:44:38 [INFO]                        
2026-01-07 16:38:09 [INFO] CSC close completely, thanks for using!
2026-01-07 16:40:06 [INFO] CSC is loading...   Success?
2026-01-07 16:40:52 [INFO]    _____  _____  _____ 
2026-01-07 16:40:52 [INFO]   / ____|/ ____|/ ____|
2026-01-07 16:40:52 [INFO]  | |    | (___ | |        [CSC] Version: v0.21
2026-01-07 16:40:52 [INFO]  | |     \___ \| |        Minecraft Version: 1.20.1 forge
2026-01-07 16:40:52 [INFO]  | |____ ____) | |____    Problem/Feedback: Tencent QQ?1061133894
2026-01-07 16:40:52 [INFO]   \_____|_____/ \_____|
2026-01-07 16:40:52 [INFO]                        
2026-01-07 16:55:18 [INFO] CSC close completely, thanks for using!
2026-01-07 16:59:54 [INFO]    _____  _____  _____ 
2026-01-07 16:59:54 [INFO]   / ____|/ ____|/ ____|
2026-01-07 16:59:54 [INFO]  | |    | (___ | |        [CSC] Version: v0.21
2026-01-07 16:59:54 [INFO]  | |     \___ \| |        Minecraft Version: 1.20.1 forge
2026-01-07 16:59:54 [INFO]  | |____ ____) | |____    Problem/Feedback: Tencent QQ?1061133894
2026-01-07 16:59:54 [INFO]   \_____|_____/ \_____|
2026-01-07 16:59:54 [INFO]                        
2026-01-07 23:38:12 [INFO] CSC close completely, thanks for using!
2026-01-08 14:44:32 [INFO] CSC is loading...   Success?
2026-01-08 14:49:11 [INFO]    _____  _____  _____ 
2026-01-08 14:49:11 [INFO]   / ____|/ ____|/ ____|
2026-01-08 14:49:11 [INFO]  | |    | (___ | |        [CSC] Version: v0.21
2026-01-08 14:49:11 [INFO]  | |     \___ \| |        Minecraft Version: 1.20.1 forge
2026-01-08 14:49:11 [INFO]  | |____ ____) | |____    Problem/Feedback: Tencent QQ?1061133894
2026-01-08 14:49:11 [INFO]   \_____|_____/ \_____|
2026-01-08 14:49:11 [INFO]                        
2026-01-08 16:11:40 [INFO] CSC close completely, thanks for using!
2026-01-08 16:13:09 [INFO] CSC is loading...   Success?
2026-01-08 16:15:29 [INFO]    _____  _____  _____ 
2026-01-08 16:15:29 [INFO]   / ____|/ ____|/ ____|
2026-01-08 16:15:29 [INFO]  | |    | (___ | |        [CSC] Version: v0.21
2026-01-08 16:15:29 [INFO]  | |     \___ \| |        Minecraft Version: 1.20.1 forge
2026-01-08 16:15:29 [INFO]  | |____ ____) | |____    Problem/Feedback: Tencent QQ?1061133894
2026-01-08 16:15:29 [INFO]   \_____|_____/ \_____|
2026-01-08 16:15:29 [INFO]                        
2026-01-08 22:15:29 [INFO] CSC close completely, thanks for using!
2026-01-08 22:16:31 [INFO] CSC is loading...   Success?
2026-01-08 22:16:57 [INFO]    _____  _____  _____ 
2026-01-08 22:16:57 [INFO]   / ____|/ ____|/ ____|
2026-01-08 22:16:57 [INFO]  | |    | (___ | |        [CSC] Version: v0.21
2026-01-08 22:16:57 [INFO]  | |     \___ \| |        Minecraft Version: 1.20.1 forge
2026-01-08 22:16:57 [INFO]  | |____ ____) | |____    Problem/Feedback: Tencent QQ?1061133894
2026-01-08 22:16:57 [INFO]   \_____|_____/ \_____|
2026-01-08 22:16:57 [INFO]                        
2026-01-08 22:18:15 [INFO] CSC close completely, thanks for using!
2026-01-08 22:18:59 [INFO] CSC is loading...   Success?
2026-01-08 22:20:22 [INFO]    _____  _____  _____ 
2026-01-08 22:20:22 [INFO]   / ____|/ ____|/ ____|
2026-01-08 22:20:22 [INFO]  | |    | (___ | |        [CSC] Version: v0.21
2026-01-08 22:20:22 [INFO]  | |     \___ \| |        Minecraft Version: 1.20.1 forge
2026-01-08 22:20:22 [INFO]  | |____ ____) | |____    Problem/Feedback: Tencent QQ?1061133894
2026-01-08 22:20:22 [INFO]   \_____|_____/ \_____|
2026-01-08 22:20:22 [INFO]                        
2026-01-09 12:42:36 [INFO] CSC is loading...   Success?
2026-01-09 12:43:13 [INFO]    _____  _____  _____ 
2026-01-09 12:43:13 [INFO]   / ____|/ ____|/ ____|
2026-01-09 12:43:13 [INFO]  | |    | (___ | |        [CSC] Version: v0.21
2026-01-09 12:43:13 [INFO]  | |     \___ \| |        Minecraft Version: 1.20.1 forge
2026-01-09 12:43:13 [INFO]  | |____ ____) | |____    Problem/Feedback: Tencent QQ?1061133894
2026-01-09 12:43:13 [INFO]   \_____|_____/ \_____|
2026-01-09 12:43:13 [INFO]                        
2026-01-09 12:43:57 [INFO] CSC close completely, thanks for using!
2026-01-09 12:44:09 [INFO]    _____  _____  _____ 
2026-01-09 12:44:09 [INFO]   / ____|/ ____|/ ____|
2026-01-09 12:44:09 [INFO]  | |    | (___ | |        [CSC] Version: v0.21
2026-01-09 12:44:09 [INFO]  | |     \___ \| |        Minecraft Version: 1.20.1 forge
2026-01-09 12:44:09 [INFO]  | |____ ____) | |____    Problem/Feedback: Tencent QQ?1061133894
2026-01-09 12:44:09 [INFO]   \_____|_____/ \_____|
2026-01-09 12:44:09 [INFO]                        
2026-01-09 14:19:24 [INFO] CSC close completely, thanks for using!
2026-01-09 14:34:55 [INFO] CSC is loading...   Success?
2026-01-09 14:36:30 [INFO] CSC is loading...   Success?
2026-01-09 14:36:54 [INFO]    _____  _____  _____ 
2026-01-09 14:36:54 [INFO]   / ____|/ ____|/ ____|
2026-01-09 14:36:54 [INFO]  | |    | (___ | |        [CSC] Version: v0.21
2026-01-09 14:36:54 [INFO]  | |     \___ \| |        Minecraft Version: 1.20.1 forge
2026-01-09 14:36:54 [INFO]  | |____ ____) | |____    Problem/Feedback: Tencent QQ?1061133894
2026-01-09 14:36:54 [INFO]   \_____|_____/ \_____|
2026-01-09 14:36:54 [INFO]                        
2026-01-09 14:56:38 [INFO] CSC close completely, thanks for using!
2026-01-09 14:58:31 [INFO] CSC is loading...   Success?
2026-01-09 14:59:42 [INFO]    _____  _____  _____ 
2026-01-09 14:59:42 [INFO]   / ____|/ ____|/ ____|
2026-01-09 14:59:42 [INFO]  | |    | (___ | |        [CSC] Version: v0.21
2026-01-09 14:59:42 [INFO]  | |     \___ \| |        Minecraft Version: 1.20.1 forge
2026-01-09 14:59:42 [INFO]  | |____ ____) | |____    Problem/Feedback: Tencent QQ?1061133894
2026-01-09 14:59:42 [INFO]   \_____|_____/ \_____|
2026-01-09 14:59:42 [INFO]                        
2026-01-09 15:34:20 [INFO] CSC close completely, thanks for using!
2026-01-09 15:35:33 [INFO] CSC is loading...   Success?
2026-01-09 15:35:55 [INFO]    _____  _____  _____ 
2026-01-09 15:35:55 [INFO]   / ____|/ ____|/ ____|
2026-01-09 15:35:55 [INFO]  | |    | (___ | |        [CSC] Version: v0.21
2026-01-09 15:35:55 [INFO]  | |     \___ \| |        Minecraft Version: 1.20.1 forge
2026-01-09 15:35:55 [INFO]  | |____ ____) | |____    Problem/Feedback: Tencent QQ?1061133894
2026-01-09 15:35:55 [INFO]   \_____|_____/ \_____|
2026-01-09 15:35:55 [INFO]                        
2026-01-09 15:36:38 [INFO] CSC close completely, thanks for using!
2026-01-09 15:37:22 [INFO] CSC is loading...   Success?
2026-01-09 15:39:59 [INFO]    _____  _____  _____ 
2026-01-09 15:39:59 [INFO]   / ____|/ ____|/ ____|
2026-01-09 15:39:59 [INFO]  | |    | (___ | |        [CSC] Version: v0.21
2026-01-09 15:39:59 [INFO]  | |     \___ \| |        Minecraft Version: 1.20.1 forge
2026-01-09 15:39:59 [INFO]  | |____ ____) | |____    Problem/Feedback: Tencent QQ?1061133894
2026-01-09 15:39:59 [INFO]   \_____|_____/ \_____|
2026-01-09 15:39:59 [INFO]                        
2026-01-09 15:40:41 [INFO] CSC close completely, thanks for using!
2026-01-09 20:03:06 [INFO] CSC is loading...   Success?
2026-01-09 20:04:21 [INFO]    _____  _____  _____ 
2026-01-09 20:04:21 [INFO]   / ____|/ ____|/ ____|
2026-01-09 20:04:21 [INFO]  | |    | (___ | |        [CSC] Version: v0.21
2026-01-09 20:04:21 [INFO]  | |     \___ \| |        Minecraft Version: 1.20.1 forge
2026-01-09 20:04:21 [INFO]  | |____ ____) | |____    Problem/Feedback: Tencent QQ?1061133894
2026-01-09 20:04:21 [INFO]   \_____|_____/ \_____|
2026-01-09 20:04:21 [INFO]                        
2026-01-09 20:25:11 [INFO] CSC close completely, thanks for using!
2026-01-09 21:04:05 [INFO] CSC is loading...   Success?
2026-01-09 21:04:31 [INFO]    _____  _____  _____ 
2026-01-09 21:04:31 [INFO]   / ____|/ ____|/ ____|
2026-01-09 21:04:31 [INFO]  | |    | (___ | |        [CSC] Version: v0.21
2026-01-09 21:04:31 [INFO]  | |     \___ \| |        Minecraft Version: 1.20.1 forge
2026-01-09 21:04:31 [INFO]  | |____ ____) | |____    Problem/Feedback: Tencent QQ?1061133894
2026-01-09 21:04:31 [INFO]   \_____|_____/ \_____|
2026-01-09 21:04:31 [INFO]                        
2026-01-09 21:40:52 [INFO] CSC close completely, thanks for using!
2026-01-09 21:42:26 [INFO] CSC is loading...   Success?
2026-01-09 21:42:53 [INFO]    _____  _____  _____ 
2026-01-09 21:42:53 [INFO]   / ____|/ ____|/ ____|
2026-01-09 21:42:53 [INFO]  | |    | (___ | |        [CSC] Version: v0.21
2026-01-09 21:42:53 [INFO]  | |     \___ \| |        Minecraft Version: 1.20.1 forge
2026-01-09 21:42:53 [INFO]  | |____ ____) | |____    Problem/Feedback: Tencent QQ?1061133894
2026-01-09 21:42:53 [INFO]   \_____|_____/ \_____|
2026-01-09 21:42:53 [INFO]                        
2026-01-09 22:35:15 [INFO] CSC close completely, thanks for using!
2026-01-09 22:37:43 [INFO] CSC is loading...   Success?
2026-01-09 22:39:04 [INFO]    _____  _____  _____ 
2026-01-09 22:39:04 [INFO]   / ____|/ ____|/ ____|
2026-01-09 22:39:04 [INFO]  | |    | (___ | |        [CSC] Version: v0.21
2026-01-09 22:39:04 [INFO]  | |     \___ \| |        Minecraft Version: 1.20.1 forge
2026-01-09 22:39:04 [INFO]  | |____ ____) | |____    Problem/Feedback: Tencent QQ?1061133894
2026-01-09 22:39:04 [INFO]   \_____|_____/ \_____|
2026-01-09 22:39:04 [INFO]                        
2026-01-09 22:40:00 [INFO] CSC close completely, thanks for using!
2026-01-09 22:42:41 [INFO] CSC is loading...   Success?
2026-01-09 22:43:09 [INFO]    _____  _____  _____ 
2026-01-09 22:43:09 [INFO]   / ____|/ ____|/ ____|
2026-01-09 22:43:09 [INFO]  | |    | (___ | |        [CSC] Version: v0.21
2026-01-09 22:43:09 [INFO]  | |     \___ \| |        Minecraft Version: 1.20.1 forge
2026-01-09 22:43:09 [INFO]  | |____ ____) | |____    Problem/Feedback: Tencent QQ?1061133894
2026-01-09 22:43:09 [INFO]   \_____|_____/ \_____|
2026-01-09 22:43:09 [INFO]                        
2026-01-09 22:45:37 [INFO] CSC close completely, thanks for using!
2026-01-10 11:22:27 [INFO] CSC is loading...   Success?
2026-01-10 11:24:56 [INFO]    _____  _____  _____ 
2026-01-10 11:24:56 [INFO]   / ____|/ ____|/ ____|
2026-01-10 11:24:56 [INFO]  | |    | (___ | |        [CSC] Version: v0.21
2026-01-10 11:24:56 [INFO]  | |     \___ \| |        Minecraft Version: 1.20.1 forge
2026-01-10 11:24:56 [INFO]  | |____ ____) | |____    Problem/Feedback: Tencent QQ?1061133894
2026-01-10 11:24:56 [INFO]   \_____|_____/ \_____|
2026-01-10 11:24:56 [INFO]                        
2026-01-10 11:26:22 [INFO] CSC close completely, thanks for using!
2026-01-10 11:45:09 [INFO] CSC is loading...   Success?
2026-01-10 11:45:49 [INFO]    _____  _____  _____ 
2026-01-10 11:45:49 [INFO]   / ____|/ ____|/ ____|
2026-01-10 11:45:49 [INFO]  | |    | (___ | |        [CSC] Version: v0.21
2026-01-10 11:45:49 [INFO]  | |     \___ \| |        Minecraft Version: 1.20.1 forge
2026-01-10 11:45:49 [INFO]  | |____ ____) | |____    Problem/Feedback: Tencent QQ?1061133894
2026-01-10 11:45:49 [INFO]   \_____|_____/ \_____|
2026-01-10 11:45:49 [INFO]                        
2026-01-10 11:46:36 [INFO] CSC close completely, thanks for using!
2026-01-10 11:46:48 [INFO]    _____  _____  _____ 
2026-01-10 11:46:48 [INFO]   / ____|/ ____|/ ____|
2026-01-10 11:46:48 [INFO]  | |    | (___ | |        [CSC] Version: v0.21
2026-01-10 11:46:48 [INFO]  | |     \___ \| |        Minecraft Version: 1.20.1 forge
2026-01-10 11:46:48 [INFO]  | |____ ____) | |____    Problem/Feedback: Tencent QQ?1061133894
2026-01-10 11:46:48 [INFO]   \_____|_____/ \_____|
2026-01-10 11:46:48 [INFO]                        
2026-01-10 11:47:30 [INFO] CSC close completely, thanks for using!
2026-01-10 11:48:49 [INFO] CSC is loading...   Success?
2026-01-10 11:49:12 [INFO]    _____  _____  _____ 
2026-01-10 11:49:12 [INFO]   / ____|/ ____|/ ____|
2026-01-10 11:49:12 [INFO]  | |    | (___ | |        [CSC] Version: v0.21
2026-01-10 11:49:12 [INFO]  | |     \___ \| |        Minecraft Version: 1.20.1 forge
2026-01-10 11:49:12 [INFO]  | |____ ____) | |____    Problem/Feedback: Tencent QQ?1061133894
2026-01-10 11:49:12 [INFO]   \_____|_____/ \_____|
2026-01-10 11:49:12 [INFO]                        
2026-01-10 11:49:23 [INFO] CSC close completely, thanks for using!
2026-01-10 11:49:33 [INFO]    _____  _____  _____ 
2026-01-10 11:49:33 [INFO]   / ____|/ ____|/ ____|
2026-01-10 11:49:33 [INFO]  | |    | (___ | |        [CSC] Version: v0.21
2026-01-10 11:49:33 [INFO]  | |     \___ \| |        Minecraft Version: 1.20.1 forge
2026-01-10 11:49:33 [INFO]  | |____ ____) | |____    Problem/Feedback: Tencent QQ?1061133894
2026-01-10 11:49:33 [INFO]   \_____|_____/ \_____|
2026-01-10 11:49:33 [INFO]                        
2026-01-10 11:51:11 [INFO] CSC close completely, thanks for using!
2026-01-10 11:54:44 [INFO] CSC is loading...   Success?
2026-01-10 11:55:16 [INFO]    _____  _____  _____ 
2026-01-10 11:55:16 [INFO]   / ____|/ ____|/ ____|
2026-01-10 11:55:16 [INFO]  | |    | (___ | |        [CSC] Version: v0.21
2026-01-10 11:55:16 [INFO]  | |     \___ \| |        Minecraft Version: 1.20.1 forge
2026-01-10 11:55:16 [INFO]  | |____ ____) | |____    Problem/Feedback: Tencent QQ?1061133894
2026-01-10 11:55:16 [INFO]   \_____|_____/ \_____|
2026-01-10 11:55:16 [INFO]                        
2026-01-10 11:55:28 [INFO] CSC close completely, thanks for using!
2026-01-10 11:55:39 [INFO]    _____  _____  _____ 
2026-01-10 11:55:39 [INFO]   / ____|/ ____|/ ____|
2026-01-10 11:55:39 [INFO]  | |    | (___ | |        [CSC] Version: v0.21
2026-01-10 11:55:39 [INFO]  | |     \___ \| |        Minecraft Version: 1.20.1 forge
2026-01-10 11:55:39 [INFO]  | |____ ____) | |____    Problem/Feedback: Tencent QQ?1061133894
2026-01-10 11:55:39 [INFO]   \_____|_____/ \_____|
2026-01-10 11:55:39 [INFO]                        
2026-01-10 11:56:14 [INFO] CSC close completely, thanks for using!
2026-01-10 12:03:23 [INFO] CSC is loading...   Success?
2026-01-10 12:03:53 [INFO]    _____  _____  _____ 
2026-01-10 12:03:53 [INFO]   / ____|/ ____|/ ____|
2026-01-10 12:03:53 [INFO]  | |    | (___ | |        [CSC] Version: v0.21
2026-01-10 12:03:53 [INFO]  | |     \___ \| |        Minecraft Version: 1.20.1 forge
2026-01-10 12:03:53 [INFO]  | |____ ____) | |____    Problem/Feedback: Tencent QQ?1061133894
2026-01-10 12:03:53 [INFO]   \_____|_____/ \_____|
2026-01-10 12:03:53 [INFO]                        
2026-01-10 12:04:51 [INFO] CSC close completely, thanks for using!
2026-01-10 12:06:12 [INFO]    _____  _____  _____ 
2026-01-10 12:06:12 [INFO]   / ____|/ ____|/ ____|
2026-01-10 12:06:12 [INFO]  | |    | (___ | |        [CSC] Version: v0.21
2026-01-10 12:06:12 [INFO]  | |     \___ \| |        Minecraft Version: 1.20.1 forge
2026-01-10 12:06:12 [INFO]  | |____ ____) | |____    Problem/Feedback: Tencent QQ?1061133894
2026-01-10 12:06:12 [INFO]   \_____|_____/ \_____|
2026-01-10 12:06:12 [INFO]                        
2026-01-10 12:09:45 [INFO] CSC close completely, thanks for using!
2026-01-10 12:15:19 [INFO] CSC is loading...   Success?
2026-01-10 12:17:10 [INFO]    _____  _____  _____ 
2026-01-10 12:17:10 [INFO]   / ____|/ ____|/ ____|
2026-01-10 12:17:10 [INFO]  | |    | (___ | |        [CSC] Version: v0.21
2026-01-10 12:17:10 [INFO]  | |     \___ \| |        Minecraft Version: 1.20.1 forge
2026-01-10 12:17:10 [INFO]  | |____ ____) | |____    Problem/Feedback: Tencent QQ?1061133894
2026-01-10 12:17:10 [INFO]   \_____|_____/ \_____|
2026-01-10 12:17:10 [INFO]                        
2026-01-10 12:24:24 [INFO] CSC close completely, thanks for using!
2026-01-10 12:26:00 [INFO] CSC is loading...   Success?
2026-01-10 12:26:30 [INFO]    _____  _____  _____ 
2026-01-10 12:26:30 [INFO]   / ____|/ ____|/ ____|
2026-01-10 12:26:30 [INFO]  | |    | (___ | |        [CSC] Version: v0.21
2026-01-10 12:26:30 [INFO]  | |     \___ \| |        Minecraft Version: 1.20.1 forge
2026-01-10 12:26:30 [INFO]  | |____ ____) | |____    Problem/Feedback: Tencent QQ?1061133894
2026-01-10 12:26:30 [INFO]   \_____|_____/ \_____|
2026-01-10 12:26:30 [INFO]                        
2026-01-10 12:37:18 [INFO] CSC close completely, thanks for using!
2026-01-10 12:43:23 [INFO] CSC is loading...   Success?
2026-01-10 12:44:17 [INFO]    _____  _____  _____ 
2026-01-10 12:44:17 [INFO]   / ____|/ ____|/ ____|
2026-01-10 12:44:17 [INFO]  | |    | (___ | |        [CSC] Version: v0.21
2026-01-10 12:44:17 [INFO]  | |     \___ \| |        Minecraft Version: 1.20.1 forge
2026-01-10 12:44:17 [INFO]  | |____ ____) | |____    Problem/Feedback: Tencent QQ?1061133894
2026-01-10 12:44:17 [INFO]   \_____|_____/ \_____|
2026-01-10 12:44:17 [INFO]                        
2026-01-10 12:45:09 [INFO] CSC close completely, thanks for using!
2026-01-10 12:51:58 [INFO]    _____  _____  _____ 
2026-01-10 12:51:58 [INFO]   / ____|/ ____|/ ____|
2026-01-10 12:51:58 [INFO]  | |    | (___ | |        [CSC] Version: v0.21
2026-01-10 12:51:58 [INFO]  | |     \___ \| |        Minecraft Version: 1.20.1 forge
2026-01-10 12:51:58 [INFO]  | |____ ____) | |____    Problem/Feedback: Tencent QQ?1061133894
2026-01-10 12:51:58 [INFO]   \_____|_____/ \_____|
2026-01-10 12:51:58 [INFO]                        
2026-01-10 12:52:38 [INFO] CSC close completely, thanks for using!
2026-01-10 12:56:05 [INFO] CSC is loading...   Success?
2026-01-10 12:59:47 [INFO] CSC is loading...   Success?
2026-01-10 13:00:50 [INFO]    _____  _____  _____ 
2026-01-10 13:00:50 [INFO]   / ____|/ ____|/ ____|
2026-01-10 13:00:50 [INFO]  | |    | (___ | |        [CSC] Version: v0.21
2026-01-10 13:00:50 [INFO]  | |     \___ \| |        Minecraft Version: 1.20.1 forge
2026-01-10 13:00:50 [INFO]  | |____ ____) | |____    Problem/Feedback: Tencent QQ?1061133894
2026-01-10 13:00:50 [INFO]   \_____|_____/ \_____|
2026-01-10 13:00:50 [INFO]                        
2026-01-10 13:25:59 [INFO] CSC close completely, thanks for using!
2026-01-10 13:27:34 [INFO] CSC is loading...   Success?
2026-01-10 13:28:09 [INFO]    _____  _____  _____ 
2026-01-10 13:28:09 [INFO]   / ____|/ ____|/ ____|
2026-01-10 13:28:09 [INFO]  | |    | (___ | |        [CSC] Version: v0.21
2026-01-10 13:28:09 [INFO]  | |     \___ \| |        Minecraft Version: 1.20.1 forge
2026-01-10 13:28:09 [INFO]  | |____ ____) | |____    Problem/Feedback: Tencent QQ?1061133894
2026-01-10 13:28:09 [INFO]   \_____|_____/ \_____|
2026-01-10 13:28:09 [INFO]                        
2026-01-10 13:45:30 [INFO] CSC close completely, thanks for using!
2026-01-10 13:47:55 [INFO] CSC is loading...   Success?
2026-01-10 13:48:48 [INFO]    _____  _____  _____ 
2026-01-10 13:48:48 [INFO]   / ____|/ ____|/ ____|
2026-01-10 13:48:48 [INFO]  | |    | (___ | |        [CSC] Version: v0.21
2026-01-10 13:48:48 [INFO]  | |     \___ \| |        Minecraft Version: 1.20.1 forge
2026-01-10 13:48:48 [INFO]  | |____ ____) | |____    Problem/Feedback: Tencent QQ?1061133894
2026-01-10 13:48:48 [INFO]   \_____|_____/ \_____|
2026-01-10 13:48:48 [INFO]                        
2026-01-10 13:55:34 [INFO] CSC close completely, thanks for using!
2026-01-10 13:56:39 [INFO] CSC is loading...   Success?
2026-01-10 13:58:27 [INFO]    _____  _____  _____ 
2026-01-10 13:58:27 [INFO]   / ____|/ ____|/ ____|
2026-01-10 13:58:27 [INFO]  | |    | (___ | |        [CSC] Version: v0.21
2026-01-10 13:58:27 [INFO]  | |     \___ \| |        Minecraft Version: 1.20.1 forge
2026-01-10 13:58:27 [INFO]  | |____ ____) | |____    Problem/Feedback: Tencent QQ?1061133894
2026-01-10 13:58:27 [INFO]   \_____|_____/ \_____|
2026-01-10 13:58:27 [INFO]                        
2026-01-10 19:07:16 [INFO] CSC is loading...   Success?
2026-01-10 19:10:19 [INFO] CSC is loading...   Success?
2026-01-10 19:12:55 [INFO] CSC is loading...   Success?
2026-01-10 19:13:33 [INFO]    _____  _____  _____ 
2026-01-10 19:13:33 [INFO]   / ____|/ ____|/ ____|
2026-01-10 19:13:33 [INFO]  | |    | (___ | |        [CSC] Version: v0.21
2026-01-10 19:13:33 [INFO]  | |     \___ \| |        Minecraft Version: 1.20.1 forge
2026-01-10 19:13:33 [INFO]  | |____ ____) | |____    Problem/Feedback: Tencent QQ?1061133894
2026-01-10 19:13:33 [INFO]   \_____|_____/ \_____|
2026-01-10 19:13:33 [INFO]                        
2026-01-10 20:29:33 [INFO] CSC close completely, thanks for using!
2026-01-10 20:36:07 [INFO] CSC is loading...   Success?
2026-01-10 20:40:20 [INFO] CSC is loading...   Success?
2026-01-10 20:43:18 [INFO] CSC is loading...   Success?
2026-01-10 20:44:51 [INFO]    _____  _____  _____ 
2026-01-10 20:44:51 [INFO]   / ____|/ ____|/ ____|
2026-01-10 20:44:51 [INFO]  | |    | (___ | |        [CSC] Version: v0.21
2026-01-10 20:44:51 [INFO]  | |     \___ \| |        Minecraft Version: 1.20.1 forge
2026-01-10 20:44:51 [INFO]  | |____ ____) | |____    Problem/Feedback: Tencent QQ?1061133894
2026-01-10 20:44:51 [INFO]   \_____|_____/ \_____|
2026-01-10 20:44:51 [INFO]                        
2026-01-10 21:28:40 [INFO] CSC close completely, thanks for using!
2026-01-10 21:32:20 [INFO] CSC is loading...   Success?
2026-01-10 21:34:22 [INFO]    _____  _____  _____ 
2026-01-10 21:34:22 [INFO]   / ____|/ ____|/ ____|
2026-01-10 21:34:22 [INFO]  | |    | (___ | |        [CSC] Version: v0.21
2026-01-10 21:34:22 [INFO]  | |     \___ \| |        Minecraft Version: 1.20.1 forge
2026-01-10 21:34:22 [INFO]  | |____ ____) | |____    Problem/Feedback: Tencent QQ?1061133894
2026-01-10 21:34:22 [INFO]   \_____|_____/ \_____|
2026-01-10 21:34:22 [INFO]                        
2026-01-10 21:47:08 [INFO] CSC close completely, thanks for using!
2026-01-10 21:48:33 [INFO] CSC is loading...   Success?
2026-01-10 21:49:18 [INFO]    _____  _____  _____ 
2026-01-10 21:49:18 [INFO]   / ____|/ ____|/ ____|
2026-01-10 21:49:18 [INFO]  | |    | (___ | |        [CSC] Version: v0.21
2026-01-10 21:49:18 [INFO]  | |     \___ \| |        Minecraft Version: 1.20.1 forge
2026-01-10 21:49:18 [INFO]  | |____ ____) | |____    Problem/Feedback: Tencent QQ?1061133894
2026-01-10 21:49:18 [INFO]   \_____|_____/ \_____|
2026-01-10 21:49:18 [INFO]                        
2026-01-10 21:50:55 [INFO] CSC close completely, thanks for using!
2026-01-10 21:54:14 [INFO] CSC is loading...   Success?
2026-01-10 21:55:08 [INFO]    _____  _____  _____ 
2026-01-10 21:55:08 [INFO]   / ____|/ ____|/ ____|
2026-01-10 21:55:08 [INFO]  | |    | (___ | |        [CSC] Version: v0.21
2026-01-10 21:55:08 [INFO]  | |     \___ \| |        Minecraft Version: 1.20.1 forge
2026-01-10 21:55:08 [INFO]  | |____ ____) | |____    Problem/Feedback: Tencent QQ?1061133894
2026-01-10 21:55:08 [INFO]   \_____|_____/ \_____|
2026-01-10 21:55:08 [INFO]                        
2026-01-10 22:16:31 [INFO] CSC close completely, thanks for using!
2026-01-10 22:17:19 [INFO] CSC is loading...   Success?
2026-01-10 22:19:04 [INFO]    _____  _____  _____ 
2026-01-10 22:19:04 [INFO]   / ____|/ ____|/ ____|
2026-01-10 22:19:04 [INFO]  | |    | (___ | |        [CSC] Version: v0.21
2026-01-10 22:19:04 [INFO]  | |     \___ \| |        Minecraft Version: 1.20.1 forge
2026-01-10 22:19:04 [INFO]  | |____ ____) | |____    Problem/Feedback: Tencent QQ?1061133894
2026-01-10 22:19:04 [INFO]   \_____|_____/ \_____|
2026-01-10 22:19:04 [INFO]                        
2026-01-10 22:25:10 [INFO] CSC close completely, thanks for using!
2026-01-11 00:19:04 [INFO] CSC is loading...   Success?
2026-01-11 00:20:49 [INFO]    _____  _____  _____ 
2026-01-11 00:20:49 [INFO]   / ____|/ ____|/ ____|
2026-01-11 00:20:49 [INFO]  | |    | (___ | |        [CSC] Version: v0.21
2026-01-11 00:20:49 [INFO]  | |     \___ \| |        Minecraft Version: 1.20.1 forge
2026-01-11 00:20:49 [INFO]  | |____ ____) | |____    Problem/Feedback: Tencent QQ?1061133894
2026-01-11 00:20:49 [INFO]   \_____|_____/ \_____|
2026-01-11 00:20:49 [INFO]                        
2026-01-11 00:27:09 [INFO] CSC close completely, thanks for using!
2026-01-11 00:28:12 [INFO] CSC is loading...   Success?
2026-01-11 00:29:04 [INFO]    _____  _____  _____ 
2026-01-11 00:29:04 [INFO]   / ____|/ ____|/ ____|
2026-01-11 00:29:04 [INFO]  | |    | (___ | |        [CSC] Version: v0.21
2026-01-11 00:29:04 [INFO]  | |     \___ \| |        Minecraft Version: 1.20.1 forge
2026-01-11 00:29:04 [INFO]  | |____ ____) | |____    Problem/Feedback: Tencent QQ?1061133894
2026-01-11 00:29:04 [INFO]   \_____|_____/ \_____|
2026-01-11 00:29:04 [INFO]                        
2026-01-11 00:38:32 [INFO] CSC close completely, thanks for using!
2026-01-11 00:45:49 [INFO] CSC is loading...   Success?
2026-01-11 10:32:03 [INFO] CSC is loading...   Success?
2026-01-11 10:37:36 [INFO]    _____  _____  _____ 
2026-01-11 10:37:36 [INFO]   / ____|/ ____|/ ____|
2026-01-11 10:37:36 [INFO]  | |    | (___ | |        [CSC] Version: v0.21
2026-01-11 10:37:36 [INFO]  | |     \___ \| |        Minecraft Version: 1.20.1 forge
2026-01-11 10:37:36 [INFO]  | |____ ____) | |____    Problem/Feedback: Tencent QQ?1061133894
2026-01-11 10:37:36 [INFO]   \_____|_____/ \_____|
2026-01-11 10:37:36 [INFO]                        
2026-01-11 10:46:18 [INFO] CSC close completely, thanks for using!
2026-01-11 10:48:14 [INFO] CSC is loading...   Success?
2026-01-11 10:48:54 [INFO]    _____  _____  _____ 
2026-01-11 10:48:54 [INFO]   / ____|/ ____|/ ____|
2026-01-11 10:48:54 [INFO]  | |    | (___ | |        [CSC] Version: v0.21
2026-01-11 10:48:54 [INFO]  | |     \___ \| |        Minecraft Version: 1.20.1 forge
2026-01-11 10:48:54 [INFO]  | |____ ____) | |____    Problem/Feedback: Tencent QQ?1061133894
2026-01-11 10:48:54 [INFO]   \_____|_____/ \_____|
2026-01-11 10:48:54 [INFO]                        
2026-01-11 11:57:31 [INFO] CSC close completely, thanks for using!
2026-01-11 12:26:09 [INFO]    _____  _____  _____ 
2026-01-11 12:26:09 [INFO]   / ____|/ ____|/ ____|
2026-01-11 12:26:09 [INFO]  | |    | (___ | |        [CSC] Version: v0.21
2026-01-11 12:26:09 [INFO]  | |     \___ \| |        Minecraft Version: 1.20.1 forge
2026-01-11 12:26:09 [INFO]  | |____ ____) | |____    Problem/Feedback: Tencent QQ?1061133894
2026-01-11 12:26:09 [INFO]   \_____|_____/ \_____|
2026-01-11 12:26:09 [INFO]                        
2026-01-11 12:59:52 [INFO] CSC close completely, thanks for using!
2026-01-11 13:18:40 [INFO] CSC is loading...   Success?
2026-01-11 13:22:15 [INFO] CSC is loading...   Success?
2026-01-11 13:23:59 [INFO] CSC is loading...   Success?
2026-01-11 13:24:39 [INFO]    _____  _____  _____ 
2026-01-11 13:24:39 [INFO]   / ____|/ ____|/ ____|
2026-01-11 13:24:39 [INFO]  | |    | (___ | |        [CSC] Version: v0.21
2026-01-11 13:24:39 [INFO]  | |     \___ \| |        Minecraft Version: 1.20.1 forge
2026-01-11 13:24:39 [INFO]  | |____ ____) | |____    Problem/Feedback: Tencent QQ?1061133894
2026-01-11 13:24:39 [INFO]   \_____|_____/ \_____|
2026-01-11 13:24:39 [INFO]                        
2026-01-11 13:26:36 [INFO] CSC close completely, thanks for using!
2026-01-11 13:28:13 [INFO] CSC is loading...   Success?
2026-01-11 13:29:27 [INFO]    _____  _____  _____ 
2026-01-11 13:29:27 [INFO]   / ____|/ ____|/ ____|
2026-01-11 13:29:27 [INFO]  | |    | (___ | |        [CSC] Version: v0.21
2026-01-11 13:29:27 [INFO]  | |     \___ \| |        Minecraft Version: 1.20.1 forge
2026-01-11 13:29:27 [INFO]  | |____ ____) | |____    Problem/Feedback: Tencent QQ?1061133894
2026-01-11 13:29:27 [INFO]   \_____|_____/ \_____|
2026-01-11 13:29:27 [INFO]                        
2026-01-11 14:08:42 [INFO] CSC close completely, thanks for using!
2026-01-11 14:43:44 [INFO] CSC is loading...   Success?
2026-01-11 14:44:24 [INFO]    _____  _____  _____ 
2026-01-11 14:44:24 [INFO]   / ____|/ ____|/ ____|
2026-01-11 14:44:24 [INFO]  | |    | (___ | |        [CSC] Version: v0.21
2026-01-11 14:44:24 [INFO]  | |     \___ \| |        Minecraft Version: 1.20.1 forge
2026-01-11 14:44:24 [INFO]  | |____ ____) | |____    Problem/Feedback: Tencent QQ?1061133894
2026-01-11 14:44:24 [INFO]   \_____|_____/ \_____|
2026-01-11 14:44:24 [INFO]                        
2026-01-11 14:52:33 [INFO] CSC close completely, thanks for using!
2026-01-11 14:53:37 [INFO] CSC is loading...   Success?
2026-01-11 14:55:01 [INFO]    _____  _____  _____ 
2026-01-11 14:55:01 [INFO]   / ____|/ ____|/ ____|
2026-01-11 14:55:01 [INFO]  | |    | (___ | |        [CSC] Version: v0.21
2026-01-11 14:55:01 [INFO]  | |     \___ \| |        Minecraft Version: 1.20.1 forge
2026-01-11 14:55:01 [INFO]  | |____ ____) | |____    Problem/Feedback: Tencent QQ?1061133894
2026-01-11 14:55:01 [INFO]   \_____|_____/ \_____|
2026-01-11 14:55:01 [INFO]                        
2026-01-11 15:02:32 [INFO] CSC close completely, thanks for using!
2026-01-11 15:02:51 [INFO]    _____  _____  _____ 
2026-01-11 15:02:51 [INFO]   / ____|/ ____|/ ____|
2026-01-11 15:02:51 [INFO]  | |    | (___ | |        [CSC] Version: v0.21
2026-01-11 15:02:51 [INFO]  | |     \___ \| |        Minecraft Version: 1.20.1 forge
2026-01-11 15:02:51 [INFO]  | |____ ____) | |____    Problem/Feedback: Tencent QQ?1061133894
2026-01-11 15:02:51 [INFO]   \_____|_____/ \_____|
2026-01-11 15:02:51 [INFO]                        
2026-01-11 15:21:07 [INFO] CSC close completely, thanks for using!
2026-01-11 15:22:58 [INFO] CSC is loading...   Success?
2026-01-11 15:23:38 [INFO]    _____  _____  _____ 
2026-01-11 15:23:38 [INFO]   / ____|/ ____|/ ____|
2026-01-11 15:23:38 [INFO]  | |    | (___ | |        [CSC] Version: v0.21
2026-01-11 15:23:38 [INFO]  | |     \___ \| |        Minecraft Version: 1.20.1 forge
2026-01-11 15:23:38 [INFO]  | |____ ____) | |____    Problem/Feedback: Tencent QQ?1061133894
2026-01-11 15:23:38 [INFO]   \_____|_____/ \_____|
2026-01-11 15:23:38 [INFO]                        
2026-01-11 15:42:54 [INFO] CSC close completely, thanks for using!
2026-01-11 15:43:03 [INFO]    _____  _____  _____ 
2026-01-11 15:43:03 [INFO]   / ____|/ ____|/ ____|
2026-01-11 15:43:03 [INFO]  | |    | (___ | |        [CSC] Version: v0.21
2026-01-11 15:43:03 [INFO]  | |     \___ \| |        Minecraft Version: 1.20.1 forge
2026-01-11 15:43:03 [INFO]  | |____ ____) | |____    Problem/Feedback: Tencent QQ?1061133894
2026-01-11 15:43:03 [INFO]   \_____|_____/ \_____|
2026-01-11 15:43:03 [INFO]                        
2026-01-11 15:46:07 [INFO] CSC close completely, thanks for using!
2026-01-11 15:46:16 [INFO]    _____  _____  _____ 
2026-01-11 15:46:16 [INFO]   / ____|/ ____|/ ____|
2026-01-11 15:46:16 [INFO]  | |    | (___ | |        [CSC] Version: v0.21
2026-01-11 15:46:16 [INFO]  | |     \___ \| |        Minecraft Version: 1.20.1 forge
2026-01-11 15:46:16 [INFO]  | |____ ____) | |____    Problem/Feedback: Tencent QQ?1061133894
2026-01-11 15:46:16 [INFO]   \_____|_____/ \_____|
2026-01-11 15:46:16 [INFO]                        
2026-01-11 15:59:34 [INFO] CSC close completely, thanks for using!
2026-01-11 16:02:26 [INFO] CSC is loading...   Success?
2026-01-11 16:03:13 [INFO]    _____  _____  _____ 
2026-01-11 16:03:13 [INFO]   / ____|/ ____|/ ____|
2026-01-11 16:03:13 [INFO]  | |    | (___ | |        [CSC] Version: v0.21
2026-01-11 16:03:13 [INFO]  | |     \___ \| |        Minecraft Version: 1.20.1 forge
2026-01-11 16:03:13 [INFO]  | |____ ____) | |____    Problem/Feedback: Tencent QQ?1061133894
2026-01-11 16:03:13 [INFO]   \_____|_____/ \_____|
2026-01-11 16:03:13 [INFO]                        
2026-01-11 16:05:09 [INFO] CSC close completely, thanks for using!
2026-01-11 16:06:30 [INFO]    _____  _____  _____ 
2026-01-11 16:06:30 [INFO]   / ____|/ ____|/ ____|
2026-01-11 16:06:30 [INFO]  | |    | (___ | |        [CSC] Version: v0.21
2026-01-11 16:06:30 [INFO]  | |     \___ \| |        Minecraft Version: 1.20.1 forge
2026-01-11 16:06:30 [INFO]  | |____ ____) | |____    Problem/Feedback: Tencent QQ?1061133894
2026-01-11 16:06:30 [INFO]   \_____|_____/ \_____|
2026-01-11 16:06:30 [INFO]                        
2026-01-11 16:14:00 [INFO] CSC close completely, thanks for using!
2026-01-11 16:14:11 [INFO]    _____  _____  _____ 
2026-01-11 16:14:11 [INFO]   / ____|/ ____|/ ____|
2026-01-11 16:14:11 [INFO]  | |    | (___ | |        [CSC] Version: v0.21
2026-01-11 16:14:11 [INFO]  | |     \___ \| |        Minecraft Version: 1.20.1 forge
2026-01-11 16:14:11 [INFO]  | |____ ____) | |____    Problem/Feedback: Tencent QQ?1061133894
2026-01-11 16:14:11 [INFO]   \_____|_____/ \_____|
2026-01-11 16:14:11 [INFO]                        
2026-01-11 16:22:50 [INFO] CSC close completely, thanks for using!
2026-01-11 16:23:24 [INFO]    _____  _____  _____ 
2026-01-11 16:23:24 [INFO]   / ____|/ ____|/ ____|
2026-01-11 16:23:24 [INFO]  | |    | (___ | |        [CSC] Version: v0.21
2026-01-11 16:23:24 [INFO]  | |     \___ \| |        Minecraft Version: 1.20.1 forge
2026-01-11 16:23:24 [INFO]  | |____ ____) | |____    Problem/Feedback: Tencent QQ?1061133894
2026-01-11 16:23:24 [INFO]   \_____|_____/ \_____|
2026-01-11 16:23:24 [INFO]                        
2026-01-11 16:25:16 [INFO] CSC close completely, thanks for using!
2026-01-11 16:25:51 [INFO]    _____  _____  _____ 
2026-01-11 16:25:51 [INFO]   / ____|/ ____|/ ____|
2026-01-11 16:25:51 [INFO]  | |    | (___ | |        [CSC] Version: v0.21
2026-01-11 16:25:51 [INFO]  | |     \___ \| |        Minecraft Version: 1.20.1 forge
2026-01-11 16:25:51 [INFO]  | |____ ____) | |____    Problem/Feedback: Tencent QQ?1061133894
2026-01-11 16:25:51 [INFO]   \_____|_____/ \_____|
2026-01-11 16:25:51 [INFO]                        
2026-01-11 16:26:09 [INFO] CSC close completely, thanks for using!
2026-01-11 16:26:28 [INFO]    _____  _____  _____ 
2026-01-11 16:26:28 [INFO]   / ____|/ ____|/ ____|
2026-01-11 16:26:28 [INFO]  | |    | (___ | |        [CSC] Version: v0.21
2026-01-11 16:26:28 [INFO]  | |     \___ \| |        Minecraft Version: 1.20.1 forge
2026-01-11 16:26:28 [INFO]  | |____ ____) | |____    Problem/Feedback: Tencent QQ?1061133894
2026-01-11 16:26:28 [INFO]   \_____|_____/ \_____|
2026-01-11 16:26:28 [INFO]                        
2026-01-11 16:37:15 [INFO] CSC is loading...   Success?
2026-01-11 16:37:54 [INFO]    _____  _____  _____ 
2026-01-11 16:37:54 [INFO]   / ____|/ ____|/ ____|
2026-01-11 16:37:54 [INFO]  | |    | (___ | |        [CSC] Version: v0.21
2026-01-11 16:37:54 [INFO]  | |     \___ \| |        Minecraft Version: 1.20.1 forge
2026-01-11 16:37:54 [INFO]  | |____ ____) | |____    Problem/Feedback: Tencent QQ?1061133894
2026-01-11 16:37:54 [INFO]   \_____|_____/ \_____|
2026-01-11 16:37:54 [INFO]                        
2026-01-11 16:39:22 [INFO] CSC close completely, thanks for using!
2026-01-11 16:39:41 [INFO]    _____  _____  _____ 
2026-01-11 16:39:41 [INFO]   / ____|/ ____|/ ____|
2026-01-11 16:39:41 [INFO]  | |    | (___ | |        [CSC] Version: v0.21
2026-01-11 16:39:41 [INFO]  | |     \___ \| |        Minecraft Version: 1.20.1 forge
2026-01-11 16:39:41 [INFO]  | |____ ____) | |____    Problem/Feedback: Tencent QQ?1061133894
2026-01-11 16:39:41 [INFO]   \_____|_____/ \_____|
2026-01-11 16:39:41 [INFO]                        
2026-01-11 16:42:28 [INFO] CSC is loading...   Success?
2026-01-11 17:40:29 [INFO]    _____  _____  _____ 
2026-01-11 17:40:29 [INFO]   / ____|/ ____|/ ____|
2026-01-11 17:40:29 [INFO]  | |    | (___ | |        [CSC] Version: v0.21
2026-01-11 17:40:29 [INFO]  | |     \___ \| |        Minecraft Version: 1.20.1 forge
2026-01-11 17:40:29 [INFO]  | |____ ____) | |____    Problem/Feedback: Tencent QQ?1061133894
2026-01-11 17:40:29 [INFO]   \_____|_____/ \_____|
2026-01-11 17:40:29 [INFO]                        
2026-01-11 20:04:18 [INFO] CSC close completely, thanks for using!
2026-01-11 20:04:30 [INFO]    _____  _____  _____ 
2026-01-11 20:04:30 [INFO]   / ____|/ ____|/ ____|
2026-01-11 20:04:30 [INFO]  | |    | (___ | |        [CSC] Version: v0.21
2026-01-11 20:04:30 [INFO]  | |     \___ \| |        Minecraft Version: 1.20.1 forge
2026-01-11 20:04:30 [INFO]  | |____ ____) | |____    Problem/Feedback: Tencent QQ?1061133894
2026-01-11 20:04:30 [INFO]   \_____|_____/ \_____|
2026-01-11 20:04:30 [INFO]                        
2026-01-11 21:22:25 [INFO] CSC close completely, thanks for using!
2026-01-11 21:22:37 [INFO]    _____  _____  _____ 
2026-01-11 21:22:37 [INFO]   / ____|/ ____|/ ____|
2026-01-11 21:22:37 [INFO]  | |    | (___ | |        [CSC] Version: v0.21
2026-01-11 21:22:37 [INFO]  | |     \___ \| |        Minecraft Version: 1.20.1 forge
2026-01-11 21:22:37 [INFO]  | |____ ____) | |____    Problem/Feedback: Tencent QQ?1061133894
2026-01-11 21:22:37 [INFO]   \_____|_____/ \_____|
2026-01-11 21:22:37 [INFO]                        
2026-01-11 21:36:33 [INFO] CSC close completely, thanks for using!
2026-01-11 21:44:09 [INFO] CSC is loading...   Success?
2026-01-11 21:45:06 [INFO]    _____  _____  _____ 
2026-01-11 21:45:06 [INFO]   / ____|/ ____|/ ____|
2026-01-11 21:45:06 [INFO]  | |    | (___ | |        [CSC] Version: v0.21
2026-01-11 21:45:06 [INFO]  | |     \___ \| |        Minecraft Version: 1.20.1 forge
2026-01-11 21:45:06 [INFO]  | |____ ____) | |____    Problem/Feedback: Tencent QQ?1061133894
2026-01-11 21:45:06 [INFO]   \_____|_____/ \_____|
2026-01-11 21:45:06 [INFO]                        
2026-01-11 21:45:56 [INFO] CSC close completely, thanks for using!
2026-01-12 09:20:29 [INFO] CSC is loading...   Success?
2026-01-12 09:21:20 [INFO]    _____  _____  _____ 
2026-01-12 09:21:20 [INFO]   / ____|/ ____|/ ____|
2026-01-12 09:21:20 [INFO]  | |    | (___ | |        [CSC] Version: v0.21
2026-01-12 09:21:20 [INFO]  | |     \___ \| |        Minecraft Version: 1.20.1 forge
2026-01-12 09:21:20 [INFO]  | |____ ____) | |____    Problem/Feedback: Tencent QQ?1061133894
2026-01-12 09:21:20 [INFO]   \_____|_____/ \_____|
2026-01-12 09:21:20 [INFO]                        
2026-01-12 10:27:24 [INFO] CSC close completely, thanks for using!
2026-01-12 12:24:20 [INFO]    _____  _____  _____ 
2026-01-12 12:24:20 [INFO]   / ____|/ ____|/ ____|
2026-01-12 12:24:20 [INFO]  | |    | (___ | |        [CSC] Version: v0.21
2026-01-12 12:24:20 [INFO]  | |     \___ \| |        Minecraft Version: 1.20.1 forge
2026-01-12 12:24:20 [INFO]  | |____ ____) | |____    Problem/Feedback: Tencent QQ?1061133894
2026-01-12 12:24:20 [INFO]   \_____|_____/ \_____|
2026-01-12 12:24:20 [INFO]                        
2026-01-12 12:25:40 [INFO] CSC close completely, thanks for using!
2026-01-12 12:25:56 [INFO]    _____  _____  _____ 
2026-01-12 12:25:56 [INFO]   / ____|/ ____|/ ____|
2026-01-12 12:25:56 [INFO]  | |    | (___ | |        [CSC] Version: v0.21
2026-01-12 12:25:56 [INFO]  | |     \___ \| |        Minecraft Version: 1.20.1 forge
2026-01-12 12:25:56 [INFO]  | |____ ____) | |____    Problem/Feedback: Tencent QQ?1061133894
2026-01-12 12:25:56 [INFO]   \_____|_____/ \_____|
2026-01-12 12:25:56 [INFO]                        
2026-01-12 12:28:40 [INFO] CSC close completely, thanks for using!
2026-01-12 13:00:17 [INFO] CSC is loading...   Success?
2026-01-12 13:13:59 [INFO] CSC is loading...   Success?
2026-01-12 13:14:48 [INFO]    _____  _____  _____ 
2026-01-12 13:14:48 [INFO]   / ____|/ ____|/ ____|
2026-01-12 13:14:48 [INFO]  | |    | (___ | |        [CSC] Version: v0.21
2026-01-12 13:14:48 [INFO]  | |     \___ \| |        Minecraft Version: 1.20.1 forge
2026-01-12 13:14:48 [INFO]  | |____ ____) | |____    Problem/Feedback: Tencent QQ?1061133894
2026-01-12 13:14:48 [INFO]   \_____|_____/ \_____|
2026-01-12 13:14:48 [INFO]                        
2026-01-12 13:20:52 [INFO] CSC close completely, thanks for using!
2026-01-12 13:21:01 [INFO]    _____  _____  _____ 
2026-01-12 13:21:01 [INFO]   / ____|/ ____|/ ____|
2026-01-12 13:21:01 [INFO]  | |    | (___ | |        [CSC] Version: v0.21
2026-01-12 13:21:01 [INFO]  | |     \___ \| |        Minecraft Version: 1.20.1 forge
2026-01-12 13:21:01 [INFO]  | |____ ____) | |____    Problem/Feedback: Tencent QQ?1061133894
2026-01-12 13:21:01 [INFO]   \_____|_____/ \_____|
2026-01-12 13:21:01 [INFO]                        
2026-01-12 13:21:39 [INFO] CSC close completely, thanks for using!
2026-01-12 13:22:51 [INFO]    _____  _____  _____ 
2026-01-12 13:22:51 [INFO]   / ____|/ ____|/ ____|
2026-01-12 13:22:51 [INFO]  | |    | (___ | |        [CSC] Version: v0.21
2026-01-12 13:22:51 [INFO]  | |     \___ \| |        Minecraft Version: 1.20.1 forge
2026-01-12 13:22:51 [INFO]  | |____ ____) | |____    Problem/Feedback: Tencent QQ?1061133894
2026-01-12 13:22:51 [INFO]   \_____|_____/ \_____|
2026-01-12 13:22:51 [INFO]                        
2026-01-12 13:48:34 [INFO] CSC close completely, thanks for using!
2026-01-12 14:31:09 [INFO]    _____  _____  _____ 
2026-01-12 14:31:09 [INFO]   / ____|/ ____|/ ____|
2026-01-12 14:31:09 [INFO]  | |    | (___ | |        [CSC] Version: v0.21
2026-01-12 14:31:09 [INFO]  | |     \___ \| |        Minecraft Version: 1.20.1 forge
2026-01-12 14:31:09 [INFO]  | |____ ____) | |____    Problem/Feedback: Tencent QQ?1061133894
2026-01-12 14:31:09 [INFO]   \_____|_____/ \_____|
2026-01-12 14:31:09 [INFO]                        
2026-01-12 15:22:54 [INFO] CSC close completely, thanks for using!
2026-01-12 15:24:03 [INFO]    _____  _____  _____ 
2026-01-12 15:24:03 [INFO]   / ____|/ ____|/ ____|
2026-01-12 15:24:03 [INFO]  | |    | (___ | |        [CSC] Version: v0.21
2026-01-12 15:24:03 [INFO]  | |     \___ \| |        Minecraft Version: 1.20.1 forge
2026-01-12 15:24:03 [INFO]  | |____ ____) | |____    Problem/Feedback: Tencent QQ?1061133894
2026-01-12 15:24:03 [INFO]   \_____|_____/ \_____|
2026-01-12 15:24:03 [INFO]                        
2026-01-12 15:57:11 [INFO] CSC close completely, thanks for using!
2026-01-12 15:57:51 [INFO]    _____  _____  _____ 
2026-01-12 15:57:51 [INFO]   / ____|/ ____|/ ____|
2026-01-12 15:57:51 [INFO]  | |    | (___ | |        [CSC] Version: v0.21
2026-01-12 15:57:51 [INFO]  | |     \___ \| |        Minecraft Version: 1.20.1 forge
2026-01-12 15:57:51 [INFO]  | |____ ____) | |____    Problem/Feedback: Tencent QQ?1061133894
2026-01-12 15:57:51 [INFO]   \_____|_____/ \_____|
2026-01-12 15:57:51 [INFO]                        
2026-01-12 16:10:58 [INFO] CSC is loading...   Success?
2026-01-12 16:11:37 [INFO]    _____  _____  _____ 
2026-01-12 16:11:37 [INFO]   / ____|/ ____|/ ____|
2026-01-12 16:11:37 [INFO]  | |    | (___ | |        [CSC] Version: v0.21
2026-01-12 16:11:37 [INFO]  | |     \___ \| |        Minecraft Version: 1.20.1 forge
2026-01-12 16:11:37 [INFO]  | |____ ____) | |____    Problem/Feedback: Tencent QQ?1061133894
2026-01-12 16:11:37 [INFO]   \_____|_____/ \_____|
2026-01-12 16:11:37 [INFO]                        
2026-01-12 16:11:53 [INFO] CSC close completely, thanks for using!
2026-01-12 16:12:08 [INFO]    _____  _____  _____ 
2026-01-12 16:12:08 [INFO]   / ____|/ ____|/ ____|
2026-01-12 16:12:08 [INFO]  | |    | (___ | |        [CSC] Version: v0.21
2026-01-12 16:12:08 [INFO]  | |     \___ \| |        Minecraft Version: 1.20.1 forge
2026-01-12 16:12:08 [INFO]  | |____ ____) | |____    Problem/Feedback: Tencent QQ?1061133894
2026-01-12 16:12:08 [INFO]   \_____|_____/ \_____|
2026-01-12 16:12:08 [INFO]                        
2026-01-12 16:13:53 [INFO] CSC is loading...   Success?
2026-01-12 16:17:10 [INFO]    _____  _____  _____ 
2026-01-12 16:17:10 [INFO]   / ____|/ ____|/ ____|
2026-01-12 16:17:10 [INFO]  | |    | (___ | |        [CSC] Version: v0.21
2026-01-12 16:17:10 [INFO]  | |     \___ \| |        Minecraft Version: 1.20.1 forge
2026-01-12 16:17:10 [INFO]  | |____ ____) | |____    Problem/Feedback: Tencent QQ?1061133894
2026-01-12 16:17:10 [INFO]   \_____|_____/ \_____|
2026-01-12 16:17:10 [INFO]                        
2026-01-12 16:48:21 [INFO] CSC close completely, thanks for using!
2026-01-12 16:48:39 [INFO]    _____  _____  _____ 
2026-01-12 16:48:39 [INFO]   / ____|/ ____|/ ____|
2026-01-12 16:48:39 [INFO]  | |    | (___ | |        [CSC] Version: v0.21
2026-01-12 16:48:39 [INFO]  | |     \___ \| |        Minecraft Version: 1.20.1 forge
2026-01-12 16:48:39 [INFO]  | |____ ____) | |____    Problem/Feedback: Tencent QQ?1061133894
2026-01-12 16:48:39 [INFO]   \_____|_____/ \_____|
2026-01-12 16:48:39 [INFO]                        
2026-01-12 17:36:38 [INFO] CSC close completely, thanks for using!
2026-01-12 17:36:48 [INFO]    _____  _____  _____ 
2026-01-12 17:36:48 [INFO]   / ____|/ ____|/ ____|
2026-01-12 17:36:48 [INFO]  | |    | (___ | |        [CSC] Version: v0.21
2026-01-12 17:36:48 [INFO]  | |     \___ \| |        Minecraft Version: 1.20.1 forge
2026-01-12 17:36:48 [INFO]  | |____ ____) | |____    Problem/Feedback: Tencent QQ?1061133894
2026-01-12 17:36:48 [INFO]   \_____|_____/ \_____|
2026-01-12 17:36:48 [INFO]                        
2026-01-12 18:27:59 [INFO] CSC close completely, thanks for using!
2026-01-12 18:28:31 [INFO]    _____  _____  _____ 
2026-01-12 18:28:31 [INFO]   / ____|/ ____|/ ____|
2026-01-12 18:28:31 [INFO]  | |    | (___ | |        [CSC] Version: v0.21
2026-01-12 18:28:31 [INFO]  | |     \___ \| |        Minecraft Version: 1.20.1 forge
2026-01-12 18:28:31 [INFO]  | |____ ____) | |____    Problem/Feedback: Tencent QQ?1061133894
2026-01-12 18:28:31 [INFO]   \_____|_____/ \_____|
2026-01-12 18:28:31 [INFO]                        
2026-01-12 18:47:45 [INFO] CSC close completely, thanks for using!
2026-01-12 22:19:30 [INFO] CSC is loading...   Success?
2026-01-12 22:25:42 [INFO]    _____  _____  _____ 
2026-01-12 22:25:42 [INFO]   / ____|/ ____|/ ____|
2026-01-12 22:25:42 [INFO]  | |    | (___ | |        [CSC] Version: v0.21
2026-01-12 22:25:42 [INFO]  | |     \___ \| |        Minecraft Version: 1.20.1 forge
2026-01-12 22:25:42 [INFO]  | |____ ____) | |____    Problem/Feedback: Tencent QQ?1061133894
2026-01-12 22:25:42 [INFO]   \_____|_____/ \_____|
2026-01-12 22:25:42 [INFO]                        
2026-01-12 22:45:46 [INFO] CSC close completely, thanks for using!
2026-01-12 22:47:54 [INFO] CSC is loading...   Success?
2026-01-12 22:48:43 [INFO]    _____  _____  _____ 
2026-01-12 22:48:43 [INFO]   / ____|/ ____|/ ____|
2026-01-12 22:48:43 [INFO]  | |    | (___ | |        [CSC] Version: v0.21
2026-01-12 22:48:43 [INFO]  | |     \___ \| |        Minecraft Version: 1.20.1 forge
2026-01-12 22:48:43 [INFO]  | |____ ____) | |____    Problem/Feedback: Tencent QQ?1061133894
2026-01-12 22:48:43 [INFO]   \_____|_____/ \_____|
2026-01-12 22:48:43 [INFO]                        
2026-01-12 23:25:57 [INFO] CSC close completely, thanks for using!
2026-01-12 23:26:16 [INFO]    _____  _____  _____ 
2026-01-12 23:26:16 [INFO]   / ____|/ ____|/ ____|
2026-01-12 23:26:16 [INFO]  | |    | (___ | |        [CSC] Version: v0.21
2026-01-12 23:26:16 [INFO]  | |     \___ \| |        Minecraft Version: 1.20.1 forge
2026-01-12 23:26:16 [INFO]  | |____ ____) | |____    Problem/Feedback: Tencent QQ?1061133894
2026-01-12 23:26:16 [INFO]   \_____|_____/ \_____|
2026-01-12 23:26:16 [INFO]                        
2026-01-12 23:28:23 [INFO] CSC close completely, thanks for using!
2026-01-13 15:03:48 [INFO] CSC is loading...   Success?
2026-01-13 15:05:47 [INFO]    _____  _____  _____ 
2026-01-13 15:05:47 [INFO]   / ____|/ ____|/ ____|
2026-01-13 15:05:47 [INFO]  | |    | (___ | |        [CSC] Version: v0.21
2026-01-13 15:05:47 [INFO]  | |     \___ \| |        Minecraft Version: 1.20.1 forge
2026-01-13 15:05:47 [INFO]  | |____ ____) | |____    Problem/Feedback: Tencent QQ?1061133894
2026-01-13 15:05:47 [INFO]   \_____|_____/ \_____|
2026-01-13 15:05:47 [INFO]                        
2026-01-13 15:06:31 [INFO] CSC close completely, thanks for using!
2026-01-13 15:06:42 [INFO]    _____  _____  _____ 
2026-01-13 15:06:42 [INFO]   / ____|/ ____|/ ____|
2026-01-13 15:06:42 [INFO]  | |    | (___ | |        [CSC] Version: v0.21
2026-01-13 15:06:42 [INFO]  | |     \___ \| |        Minecraft Version: 1.20.1 forge
2026-01-13 15:06:42 [INFO]  | |____ ____) | |____    Problem/Feedback: Tencent QQ?1061133894
2026-01-13 15:06:42 [INFO]   \_____|_____/ \_____|
2026-01-13 15:06:42 [INFO]                        
2026-01-13 15:46:53 [INFO] CSC close completely, thanks for using!
2026-01-13 15:55:39 [INFO] CSC is loading...   Success?
2026-01-13 16:01:07 [INFO] CSC is loading...   Success?
2026-01-13 16:02:44 [INFO]    _____  _____  _____ 
2026-01-13 16:02:44 [INFO]   / ____|/ ____|/ ____|
2026-01-13 16:02:44 [INFO]  | |    | (___ | |        [CSC] Version: v0.21
2026-01-13 16:02:44 [INFO]  | |     \___ \| |        Minecraft Version: 1.20.1 forge
2026-01-13 16:02:44 [INFO]  | |____ ____) | |____    Problem/Feedback: Tencent QQ?1061133894
2026-01-13 16:02:44 [INFO]   \_____|_____/ \_____|
2026-01-13 16:02:44 [INFO]                        
2026-01-13 16:04:28 [INFO] CSC close completely, thanks for using!
2026-01-13 16:11:34 [INFO] CSC is loading...   Success?
2026-01-13 16:12:40 [INFO]    _____  _____  _____ 
2026-01-13 16:12:40 [INFO]   / ____|/ ____|/ ____|
2026-01-13 16:12:40 [INFO]  | |    | (___ | |        [CSC] Version: v0.21
2026-01-13 16:12:40 [INFO]  | |     \___ \| |        Minecraft Version: 1.20.1 forge
2026-01-13 16:12:40 [INFO]  | |____ ____) | |____    Problem/Feedback: Tencent QQ?1061133894
2026-01-13 16:12:40 [INFO]   \_____|_____/ \_____|
2026-01-13 16:12:40 [INFO]                        
2026-01-13 16:28:07 [INFO] CSC close completely, thanks for using!
2026-01-13 16:28:27 [INFO]    _____  _____  _____ 
2026-01-13 16:28:27 [INFO]   / ____|/ ____|/ ____|
2026-01-13 16:28:27 [INFO]  | |    | (___ | |        [CSC] Version: v0.21
2026-01-13 16:28:27 [INFO]  | |     \___ \| |        Minecraft Version: 1.20.1 forge
2026-01-13 16:28:27 [INFO]  | |____ ____) | |____    Problem/Feedback: Tencent QQ?1061133894
2026-01-13 16:28:27 [INFO]   \_____|_____/ \_____|
2026-01-13 16:28:27 [INFO]                        
2026-01-13 17:29:40 [INFO] CSC close completely, thanks for using!
2026-01-13 17:54:07 [INFO] CSC is loading...   Success?
2026-01-13 17:56:08 [INFO]    _____  _____  _____ 
2026-01-13 17:56:08 [INFO]   / ____|/ ____|/ ____|
2026-01-13 17:56:08 [INFO]  | |    | (___ | |        [CSC] Version: v0.21
2026-01-13 17:56:08 [INFO]  | |     \___ \| |        Minecraft Version: 1.20.1 forge
2026-01-13 17:56:08 [INFO]  | |____ ____) | |____    Problem/Feedback: Tencent QQ?1061133894
2026-01-13 17:56:08 [INFO]   \_____|_____/ \_____|
2026-01-13 17:56:08 [INFO]                        
2026-01-13 18:07:22 [INFO] CSC close completely, thanks for using!
2026-01-13 18:08:24 [INFO] CSC is loading...   Success?
2026-01-13 18:09:16 [INFO]    _____  _____  _____ 
2026-01-13 18:09:16 [INFO]   / ____|/ ____|/ ____|
2026-01-13 18:09:16 [INFO]  | |    | (___ | |        [CSC] Version: v0.21
2026-01-13 18:09:16 [INFO]  | |     \___ \| |        Minecraft Version: 1.20.1 forge
2026-01-13 18:09:16 [INFO]  | |____ ____) | |____    Problem/Feedback: Tencent QQ?1061133894
2026-01-13 18:09:16 [INFO]   \_____|_____/ \_____|
2026-01-13 18:09:16 [INFO]                        
2026-01-13 21:13:51 [INFO] CSC close completely, thanks for using!
2026-01-13 21:22:49 [INFO] CSC is loading...   Success?
2026-01-13 21:23:36 [INFO]    _____  _____  _____ 
2026-01-13 21:23:36 [INFO]   / ____|/ ____|/ ____|
2026-01-13 21:23:36 [INFO]  | |    | (___ | |        [CSC] Version: v0.21
2026-01-13 21:23:36 [INFO]  | |     \___ \| |        Minecraft Version: 1.20.1 forge
2026-01-13 21:23:36 [INFO]  | |____ ____) | |____    Problem/Feedback: Tencent QQ?1061133894
2026-01-13 21:23:36 [INFO]   \_____|_____/ \_____|
2026-01-13 21:23:36 [INFO]                        
2026-01-13 21:29:25 [INFO] CSC close completely, thanks for using!
2026-01-13 21:30:28 [INFO] CSC is loading...   Success?
2026-01-13 21:31:05 [INFO]    _____  _____  _____ 
2026-01-13 21:31:05 [INFO]   / ____|/ ____|/ ____|
2026-01-13 21:31:05 [INFO]  | |    | (___ | |        [CSC] Version: v0.21
2026-01-13 21:31:05 [INFO]  | |     \___ \| |        Minecraft Version: 1.20.1 forge
2026-01-13 21:31:05 [INFO]  | |____ ____) | |____    Problem/Feedback: Tencent QQ?1061133894
2026-01-13 21:31:05 [INFO]   \_____|_____/ \_____|
2026-01-13 21:31:05 [INFO]                        
